app/build/outputs/mapping/release/mapping.txt
# compiler: R8
# compiler_version: 1.6.2-dev
# min_api: 19
# compiler_hash: 05333e9f6824ecb1ee394d913c8712e1ff8b1de4
# pg_map_id: 18bb010
dev.conn.assetlinkstool.PackageDetailsActivity -> dev.conn.assetlinkstool.PackageDetailsActivity:
    char[] HEX_CHAR_LOOKUP -> q
    dev.conn.assetlinkstool.PackageDetailsActivity$Companion Companion -> u
    java.util.HashMap _$_findViewCache -> p
    java.lang.String FILE_NAME -> s
    java.lang.String DIR_NAME -> r
    java.lang.String AUTHORITY -> t
    1:1:void kotlin.jvm.internal.Intrinsics.checkParameterIsNotNull(java.lang.Object,java.lang.String):0:0 -> a
    1:1:void addToClipboard(java.lang.String):0 -> a
    2:2:void kotlin.jvm.internal.Intrinsics.checkParameterIsNotNull(java.lang.Object,java.lang.String):0:0 -> a
    2:2:java.lang.String bytesToHex(byte[]):0 -> a
    3:3:void kotlin.jvm.internal.Intrinsics.checkParameterIsNotNull(java.lang.Object,java.lang.String):0:0 -> a
    3:3:java.lang.String createAssetLinks(java.lang.String,java.lang.String):0 -> a
    android.view.View _$_findCachedViewById(int) -> b
    1:1:void kotlin.jvm.internal.Intrinsics.checkParameterIsNotNull(java.lang.Object,java.lang.String):0:0 -> b
    1:1:android.net.Uri createAssetLinksFile(java.lang.String):0 -> b
    2:2:void kotlin.jvm.internal.Intrinsics.checkParameterIsNotNull(java.lang.Object,java.lang.String):0:0 -> b
    2:2:android.content.Intent createShareIntent(java.lang.String,java.lang.String):0 -> b
    1:1:void kotlin.jvm.internal.Intrinsics.checkParameterIsNotNull(java.lang.Object,java.lang.String):0:0 -> c
dev.conn.assetlinkstool.PackageDetailsActivity$Companion -> dev.conn.assetlinkstool.PackageDetailsActivity$c:
    1:1:void <init>():0:0 -> <init>
    1:1:void <init>(kotlin.jvm.internal.DefaultConstructorMarker):0 -> <init>
dev.conn.assetlinkstool.PackageListActivity -> dev.conn.assetlinkstool.PackageListActivity:
    java.util.HashMap _$_findViewCache -> p
    android.view.View _$_findCachedViewById(int) -> b
    1:1:int kotlin.collections.CollectionsKt__IterablesKt.collectionSizeOrDefault(java.lang.Iterable,int):0:0 -> n
    1:1:java.util.List getPackages():0 -> n
    2:2:java.util.List getPackages():0:0 -> n
dev.conn.assetlinkstool.PackageListActivity$onCreate$1 -> dev.conn.assetlinkstool.PackageListActivity$a:
    dev.conn.assetlinkstool.PackageListActivity this$0 -> b
    dev.conn.assetlinkstool.PackageListAdapter $adapter -> c
    1:1:java.lang.String dev.conn.assetlinkstool.PackageListAdapter.getItem(int):0:0 -> onItemClick
    1:1:void onItemClick(android.widget.AdapterView,android.view.View,int,long):0 -> onItemClick
    2:2:void onItemClick(android.widget.AdapterView,android.view.View,int,long):0:0 -> onItemClick
    3:3:java.lang.String dev.conn.assetlinkstool.PackageDetailsActivity$Companion.getEXTRA_KEY_PACKAGE():0:0 -> onItemClick
    3:3:void onItemClick(android.widget.AdapterView,android.view.View,int,long):0 -> onItemClick
dev.conn.assetlinkstool.PackageListActivity$onCreate$2 -> dev.conn.assetlinkstool.PackageListActivity$b:
    dev.conn.assetlinkstool.PackageListAdapter $adapter -> b
    1:1:dev.conn.assetlinkstool.PackageListAdapter$PackageListFilter dev.conn.assetlinkstool.PackageListAdapter.getFilter():0:0 -> onTextChanged
    1:1:void onTextChanged(java.lang.CharSequence,int,int,int):0 -> onTextChanged
    2:2:void onTextChanged(java.lang.CharSequence,int,int,int):0:0 -> onTextChanged
dev.conn.assetlinkstool.PackageListAdapter -> c.a.a.a:
    java.util.List originalData -> b
    dev.conn.assetlinkstool.PackageListAdapter$PackageListFilter filter -> d
    java.util.List filteredData -> c
    1:1:void kotlin.jvm.internal.Intrinsics.checkParameterIsNotNull(java.lang.Object,java.lang.String):0:0 -> <init>
    1:1:void <init>(android.content.Context,int,java.util.List):0 -> <init>
    1:1:java.lang.String getItem(int):0:0 -> getItem
    1:1:java.lang.Object getItem(int):0 -> getItem
...
androidx.interpolator.view.animation.LookupTableInterpolator -> a.i.a.a.d:
    float mStepSize -> b
    float[] mValues -> a
androidx.lifecycle.ClassesInfoCache$CallbackInfo -> a.j.a:
    java.util.Map mEventToHandlers -> a
    1:1:void androidx.lifecycle.ClassesInfoCache$MethodReference.invokeCallback(androidx.lifecycle.LifecycleOwner,androidx.lifecycle.Lifecycle$Event,java.lang.Object):0:0 -> a
    1:1:void invokeMethodsForEvent(java.util.List,androidx.lifecycle.LifecycleOwner,androidx.lifecycle.Lifecycle$Event,java.lang.Object):0 -> a
androidx.lifecycle.ClassesInfoCache$MethodReference -> a.j.b:
    int mCallType -> a
    java.lang.reflect.Method mMethod -> b
androidx.lifecycle.CompositeGeneratedAdaptersObserver -> androidx.lifecycle.CompositeGeneratedAdaptersObserver:
    androidx.lifecycle.GeneratedAdapter[] mGeneratedAdapters -> a
    void onStateChanged(androidx.lifecycle.LifecycleOwner,androidx.lifecycle.Lifecycle$Event) -> a
androidx.lifecycle.FullLifecycleObserver -> a.j.c:
    void onResume(androidx.lifecycle.LifecycleOwner) -> a
    void onPause(androidx.lifecycle.LifecycleOwner) -> b
    void onDestroy(androidx.lifecycle.LifecycleOwner) -> c
    void onStop(androidx.lifecycle.LifecycleOwner) -> d
    void onCreate(androidx.lifecycle.LifecycleOwner) -> e
    void onStart(androidx.lifecycle.LifecycleOwner) -> f
androidx.lifecycle.FullLifecycleObserverAdapter -> androidx.lifecycle.FullLifecycleObserverAdapter:
    androidx.lifecycle.FullLifecycleObserver mObserver -> a
    void onStateChanged(androidx.lifecycle.LifecycleOwner,androidx.lifecycle.Lifecycle$Event) -> a
androidx.lifecycle.GeneratedAdapter -> a.j.d:
    void callMethods(androidx.lifecycle.LifecycleOwner,androidx.lifecycle.Lifecycle$Event,boolean,androidx.lifecycle.MethodCallsLogger) -> a
androidx.lifecycle.GenericLifecycleObserver -> a.j.e:
    void onStateChanged(androidx.lifecycle.LifecycleOwner,androidx.lifecycle.Lifecycle$Event) -> a
androidx.lifecycle.Lifecycle -> a.j.f:
androidx.lifecycle.Lifecycle$Event -> a.j.f$a:
androidx.lifecycle.Lifecycle$State -> a.j.f$b:
    androidx.lifecycle.Lifecycle$State DESTROYED -> b
    androidx.lifecycle.Lifecycle$State[] $VALUES -> g
    androidx.lifecycle.Lifecycle$State RESUMED -> f
    androidx.lifecycle.Lifecycle$State STARTED -> e
    androidx.lifecycle.Lifecycle$State CREATED -> d
    androidx.lifecycle.Lifecycle$State INITIALIZED -> c
androidx.lifecycle.LifecycleObserver -> a.j.g:
androidx.lifecycle.LifecycleOwner -> a.j.h:
    androidx.lifecycle.Lifecycle getLifecycle() -> a